<?xml version="1.0" encoding="UTF-8"?>
<testng-results skipped="0" failed="0" ignored="0" total="2" passed="2">
  <reporter-output>
  </reporter-output>
  <suite name="Suite" duration-ms="250" started-at="2019-12-21T15:25:12 IST" finished-at="2019-12-21T15:25:12 IST">
    <groups>
    </groups>
    <test name="Test" duration-ms="250" started-at="2019-12-21T15:25:12 IST" finished-at="2019-12-21T15:25:12 IST">
      <class name="Test.secondTest">
        <test-method status="PASS" signature="print2()[pri:0, instance:Test.secondTest@544fe44c]" name="print2" duration-ms="69" started-at="2019-12-21T15:25:12 IST" finished-at="2019-12-21T15:25:12 IST">
          <reporter-output>
          </reporter-output>
        </test-method> <!-- print2 -->
      </class> <!-- Test.secondTest -->
      <class name="Test.firstTstNG">
        <test-method status="PASS" signature="printTest()[pri:0, instance:Test.firstTstNG@31610302]" name="printTest" duration-ms="10" started-at="2019-12-21T15:25:12 IST" finished-at="2019-12-21T15:25:12 IST">
          <reporter-output>
          </reporter-output>
        </test-method> <!-- printTest -->
      </class> <!-- Test.firstTstNG -->
    </test> <!-- Test -->
  </suite> <!-- Suite -->
</testng-results>
